<?xml version="1.0" encoding="UTF-8"?>
<!-- Generated by org.testng.reporters.JUnitReportReporter -->
<testsuite hostname="Ashish" failures="0" tests="5" name="runner.TestRunner" time="290.102" errors="0" timestamp="2025-09-03T10:19:42 IST" skipped="0">
  <testcase classname="runner.TestRunner" name="runScenario" time="58.435"/>
  <testcase classname="runner.TestRunner" name="runScenario" time="47.675"/>
  <testcase classname="runner.TestRunner" name="runScenario" time="47.519"/>
  <testcase classname="runner.TestRunner" name="runScenario" time="82.778"/>
  <testcase classname="runner.TestRunner" name="runScenario" time="53.695"/>
</testsuite> <!-- runner.TestRunner -->
