<?xml version="1.0" encoding="UTF-8"?>
<!-- Generated by org.testng.reporters.JUnitReportReporter -->
<testsuite hostname="Ashish" failures="0" tests="3" name="runner.bookingRunner" time="186.290" errors="0" timestamp="2025-09-03T16:34:05 IST" skipped="0">
  <testcase classname="runner.bookingRunner" name="runScenario" time="71.535"/>
  <testcase classname="runner.bookingRunner" name="runScenario" time="60.140"/>
  <testcase classname="runner.bookingRunner" name="runScenario" time="54.615"/>
</testsuite> <!-- runner.bookingRunner -->
